<?xml version="1.0" encoding="UTF-8"?>
<testsuite xmlns:xsi="http://www.w3.org/2001/XMLSchema-instance" xsi:noNamespaceSchemaLocation="https://maven.apache.org/surefire/maven-surefire-plugin/xsd/surefire-test-report-3.0.xsd" version="3.0" name="runners.TestRunner" time="12.593" tests="2" errors="1" skipped="0" failures="1">
  <properties>
    <property name="sun.desktop" value="windows"/>
    <property name="awt.toolkit" value="sun.awt.windows.WToolkit"/>
    <property name="java.specification.version" value="11"/>
    <property name="sun.cpu.isalist" value="amd64"/>
    <property name="sun.jnu.encoding" value="Cp1252"/>
    <property name="java.class.path" value="D:\Sofka\Col\automation_test-colpatria-dev\target\test-classes;D:\Sofka\Col\automation_test-colpatria-dev\target\classes;C:\Users\jhon.guatibonza.SOFKA\.m2\repository\org\seleniumhq\selenium\selenium-java\4.13.0\selenium-java-4.13.0.jar;C:\Users\jhon.guatibonza.SOFKA\.m2\repository\org\seleniumhq\selenium\selenium-api\4.13.0\selenium-api-4.13.0.jar;C:\Users\jhon.guatibonza.SOFKA\.m2\repository\org\seleniumhq\selenium\selenium-chrome-driver\4.13.0\selenium-chrome-driver-4.13.0.jar;C:\Users\jhon.guatibonza.SOFKA\.m2\repository\com\google\auto\service\auto-service-annotations\1.1.1\auto-service-annotations-1.1.1.jar;C:\Users\jhon.guatibonza.SOFKA\.m2\repository\com\google\guava\guava\32.1.2-jre\guava-32.1.2-jre.jar;C:\Users\jhon.guatibonza.SOFKA\.m2\repository\com\google\guava\failureaccess\1.0.1\failureaccess-1.0.1.jar;C:\Users\jhon.guatibonza.SOFKA\.m2\repository\com\google\guava\listenablefuture\9999.0-empty-to-avoid-conflict-with-guava\listenablefuture-9999.0-empty-to-avoid-conflict-with-guava.jar;C:\Users\jhon.guatibonza.SOFKA\.m2\repository\com\google\code\findbugs\jsr305\3.0.2\jsr305-3.0.2.jar;C:\Users\jhon.guatibonza.SOFKA\.m2\repository\org\checkerframework\checker-qual\3.33.0\checker-qual-3.33.0.jar;C:\Users\jhon.guatibonza.SOFKA\.m2\repository\com\google\errorprone\error_prone_annotations\2.18.0\error_prone_annotations-2.18.0.jar;C:\Users\jhon.guatibonza.SOFKA\.m2\repository\com\google\j2objc\j2objc-annotations\2.8\j2objc-annotations-2.8.jar;C:\Users\jhon.guatibonza.SOFKA\.m2\repository\org\seleniumhq\selenium\selenium-chromium-driver\4.13.0\selenium-chromium-driver-4.13.0.jar;C:\Users\jhon.guatibonza.SOFKA\.m2\repository\org\seleniumhq\selenium\selenium-json\4.13.0\selenium-json-4.13.0.jar;C:\Users\jhon.guatibonza.SOFKA\.m2\repository\org\seleniumhq\selenium\selenium-manager\4.13.0\selenium-manager-4.13.0.jar;C:\Users\jhon.guatibonza.SOFKA\.m2\repository\org\seleniumhq\selenium\selenium-devtools-v115\4.13.0\selenium-devtools-v115-4.13.0.jar;C:\Users\jhon.guatibonza.SOFKA\.m2\repository\org\seleniumhq\selenium\selenium-devtools-v116\4.13.0\selenium-devtools-v116-4.13.0.jar;C:\Users\jhon.guatibonza.SOFKA\.m2\repository\org\seleniumhq\selenium\selenium-devtools-v117\4.13.0\selenium-devtools-v117-4.13.0.jar;C:\Users\jhon.guatibonza.SOFKA\.m2\repository\org\seleniumhq\selenium\selenium-devtools-v85\4.13.0\selenium-devtools-v85-4.13.0.jar;C:\Users\jhon.guatibonza.SOFKA\.m2\repository\org\seleniumhq\selenium\selenium-edge-driver\4.13.0\selenium-edge-driver-4.13.0.jar;C:\Users\jhon.guatibonza.SOFKA\.m2\repository\org\seleniumhq\selenium\selenium-firefox-driver\4.13.0\selenium-firefox-driver-4.13.0.jar;C:\Users\jhon.guatibonza.SOFKA\.m2\repository\org\seleniumhq\selenium\selenium-http\4.13.0\selenium-http-4.13.0.jar;C:\Users\jhon.guatibonza.SOFKA\.m2\repository\dev\failsafe\failsafe\3.3.2\failsafe-3.3.2.jar;C:\Users\jhon.guatibonza.SOFKA\.m2\repository\org\seleniumhq\selenium\selenium-ie-driver\4.13.0\selenium-ie-driver-4.13.0.jar;C:\Users\jhon.guatibonza.SOFKA\.m2\repository\org\seleniumhq\selenium\selenium-remote-driver\4.13.0\selenium-remote-driver-4.13.0.jar;C:\Users\jhon.guatibonza.SOFKA\.m2\repository\io\netty\netty-buffer\4.1.96.Final\netty-buffer-4.1.96.Final.jar;C:\Users\jhon.guatibonza.SOFKA\.m2\repository\io\netty\netty-codec-http\4.1.96.Final\netty-codec-http-4.1.96.Final.jar;C:\Users\jhon.guatibonza.SOFKA\.m2\repository\io\netty\netty-codec\4.1.96.Final\netty-codec-4.1.96.Final.jar;C:\Users\jhon.guatibonza.SOFKA\.m2\repository\io\netty\netty-handler\4.1.96.Final\netty-handler-4.1.96.Final.jar;C:\Users\jhon.guatibonza.SOFKA\.m2\repository\io\netty\netty-common\4.1.96.Final\netty-common-4.1.96.Final.jar;C:\Users\jhon.guatibonza.SOFKA\.m2\repository\io\netty\netty-transport-classes-epoll\4.1.96.Final\netty-transport-classes-epoll-4.1.96.Final.jar;C:\Users\jhon.guatibonza.SOFKA\.m2\repository\io\netty\netty-transport-classes-kqueue\4.1.96.Final\netty-transport-classes-kqueue-4.1.96.Final.jar;C:\Users\jhon.guatibonza.SOFKA\.m2\repository\io\netty\netty-transport-native-epoll\4.1.96.Final\netty-transport-native-epoll-4.1.96.Final.jar;C:\Users\jhon.guatibonza.SOFKA\.m2\repository\io\netty\netty-transport-native-kqueue\4.1.96.Final\netty-transport-native-kqueue-4.1.96.Final.jar;C:\Users\jhon.guatibonza.SOFKA\.m2\repository\io\netty\netty-transport-native-unix-common\4.1.96.Final\netty-transport-native-unix-common-4.1.96.Final.jar;C:\Users\jhon.guatibonza.SOFKA\.m2\repository\io\netty\netty-transport\4.1.96.Final\netty-transport-4.1.96.Final.jar;C:\Users\jhon.guatibonza.SOFKA\.m2\repository\io\netty\netty-resolver\4.1.96.Final\netty-resolver-4.1.96.Final.jar;C:\Users\jhon.guatibonza.SOFKA\.m2\repository\io\opentelemetry\opentelemetry-api\1.28.0\opentelemetry-api-1.28.0.jar;C:\Users\jhon.guatibonza.SOFKA\.m2\repository\io\opentelemetry\opentelemetry-context\1.28.0\opentelemetry-context-1.28.0.jar;C:\Users\jhon.guatibonza.SOFKA\.m2\repository\io\opentelemetry\opentelemetry-exporter-logging\1.28.0\opentelemetry-exporter-logging-1.28.0.jar;C:\Users\jhon.guatibonza.SOFKA\.m2\repository\io\opentelemetry\opentelemetry-sdk-metrics\1.28.0\opentelemetry-sdk-metrics-1.28.0.jar;C:\Users\jhon.guatibonza.SOFKA\.m2\repository\io\opentelemetry\opentelemetry-extension-incubator\1.28.0-alpha\opentelemetry-extension-incubator-1.28.0-alpha.jar;C:\Users\jhon.guatibonza.SOFKA\.m2\repository\io\opentelemetry\opentelemetry-sdk-logs\1.28.0\opentelemetry-sdk-logs-1.28.0.jar;C:\Users\jhon.guatibonza.SOFKA\.m2\repository\io\opentelemetry\opentelemetry-sdk-common\1.28.0\opentelemetry-sdk-common-1.28.0.jar;C:\Users\jhon.guatibonza.SOFKA\.m2\repository\io\opentelemetry\opentelemetry-sdk-extension-autoconfigure-spi\1.28.0\opentelemetry-sdk-extension-autoconfigure-spi-1.28.0.jar;C:\Users\jhon.guatibonza.SOFKA\.m2\repository\io\opentelemetry\opentelemetry-sdk-extension-autoconfigure\1.28.0\opentelemetry-sdk-extension-autoconfigure-1.28.0.jar;C:\Users\jhon.guatibonza.SOFKA\.m2\repository\io\opentelemetry\opentelemetry-api-events\1.28.0-alpha\opentelemetry-api-events-1.28.0-alpha.jar;C:\Users\jhon.guatibonza.SOFKA\.m2\repository\io\opentelemetry\opentelemetry-sdk-trace\1.28.0\opentelemetry-sdk-trace-1.28.0.jar;C:\Users\jhon.guatibonza.SOFKA\.m2\repository\io\opentelemetry\opentelemetry-sdk\1.28.0\opentelemetry-sdk-1.28.0.jar;C:\Users\jhon.guatibonza.SOFKA\.m2\repository\io\opentelemetry\opentelemetry-semconv\1.28.0-alpha\opentelemetry-semconv-1.28.0-alpha.jar;C:\Users\jhon.guatibonza.SOFKA\.m2\repository\net\bytebuddy\byte-buddy\1.14.5\byte-buddy-1.14.5.jar;C:\Users\jhon.guatibonza.SOFKA\.m2\repository\org\asynchttpclient\async-http-client\2.12.3\async-http-client-2.12.3.jar;C:\Users\jhon.guatibonza.SOFKA\.m2\repository\org\asynchttpclient\async-http-client-netty-utils\2.12.3\async-http-client-netty-utils-2.12.3.jar;C:\Users\jhon.guatibonza.SOFKA\.m2\repository\io\netty\netty-codec-socks\4.1.60.Final\netty-codec-socks-4.1.60.Final.jar;C:\Users\jhon.guatibonza.SOFKA\.m2\repository\io\netty\netty-handler-proxy\4.1.60.Final\netty-handler-proxy-4.1.60.Final.jar;C:\Users\jhon.guatibonza.SOFKA\.m2\repository\io\netty\netty-transport-native-epoll\4.1.60.Final\netty-transport-native-epoll-4.1.60.Final-linux-x86_64.jar;C:\Users\jhon.guatibonza.SOFKA\.m2\repository\io\netty\netty-transport-native-kqueue\4.1.60.Final\netty-transport-native-kqueue-4.1.60.Final-osx-x86_64.jar;C:\Users\jhon.guatibonza.SOFKA\.m2\repository\org\reactivestreams\reactive-streams\1.0.3\reactive-streams-1.0.3.jar;C:\Users\jhon.guatibonza.SOFKA\.m2\repository\com\typesafe\netty\netty-reactive-streams\2.0.4\netty-reactive-streams-2.0.4.jar;C:\Users\jhon.guatibonza.SOFKA\.m2\repository\org\seleniumhq\selenium\selenium-os\4.13.0\selenium-os-4.13.0.jar;C:\Users\jhon.guatibonza.SOFKA\.m2\repository\org\apache\commons\commons-exec\1.3\commons-exec-1.3.jar;C:\Users\jhon.guatibonza.SOFKA\.m2\repository\org\seleniumhq\selenium\selenium-safari-driver\4.13.0\selenium-safari-driver-4.13.0.jar;C:\Users\jhon.guatibonza.SOFKA\.m2\repository\org\seleniumhq\selenium\selenium-support\4.13.0\selenium-support-4.13.0.jar;C:\Users\jhon.guatibonza.SOFKA\.m2\repository\junit\junit\4.13.2\junit-4.13.2.jar;C:\Users\jhon.guatibonza.SOFKA\.m2\repository\org\hamcrest\hamcrest-core\1.3\hamcrest-core-1.3.jar;C:\Users\jhon.guatibonza.SOFKA\.m2\repository\io\cucumber\cucumber-java\7.13.0\cucumber-java-7.13.0.jar;C:\Users\jhon.guatibonza.SOFKA\.m2\repository\io\cucumber\cucumber-core\7.13.0\cucumber-core-7.13.0.jar;C:\Users\jhon.guatibonza.SOFKA\.m2\repository\io\cucumber\cucumber-gherkin\7.13.0\cucumber-gherkin-7.13.0.jar;C:\Users\jhon.guatibonza.SOFKA\.m2\repository\io\cucumber\cucumber-gherkin-messages\7.13.0\cucumber-gherkin-messages-7.13.0.jar;C:\Users\jhon.guatibonza.SOFKA\.m2\repository\io\cucumber\gherkin\26.2.0\gherkin-26.2.0.jar;C:\Users\jhon.guatibonza.SOFKA\.m2\repository\io\cucumber\messages\22.0.0\messages-22.0.0.jar;C:\Users\jhon.guatibonza.SOFKA\.m2\repository\io\cucumber\tag-expressions\5.0.1\tag-expressions-5.0.1.jar;C:\Users\jhon.guatibonza.SOFKA\.m2\repository\io\cucumber\cucumber-expressions\16.1.2\cucumber-expressions-16.1.2.jar;C:\Users\jhon.guatibonza.SOFKA\.m2\repository\io\cucumber\datatable\7.13.0\datatable-7.13.0.jar;C:\Users\jhon.guatibonza.SOFKA\.m2\repository\io\cucumber\cucumber-plugin\7.13.0\cucumber-plugin-7.13.0.jar;C:\Users\jhon.guatibonza.SOFKA\.m2\repository\io\cucumber\docstring\7.13.0\docstring-7.13.0.jar;C:\Users\jhon.guatibonza.SOFKA\.m2\repository\io\cucumber\html-formatter\20.3.1\html-formatter-20.3.1.jar;C:\Users\jhon.guatibonza.SOFKA\.m2\repository\io\cucumber\junit-xml-formatter\0.2.0\junit-xml-formatter-0.2.0.jar;C:\Users\jhon.guatibonza.SOFKA\.m2\repository\io\cucumber\ci-environment\9.2.0\ci-environment-9.2.0.jar;C:\Users\jhon.guatibonza.SOFKA\.m2\repository\org\apiguardian\apiguardian-api\1.1.2\apiguardian-api-1.1.2.jar;C:\Users\jhon.guatibonza.SOFKA\.m2\repository\io\cucumber\cucumber-junit\7.13.0\cucumber-junit-7.13.0.jar;C:\Users\jhon.guatibonza.SOFKA\.m2\repository\org\apache\commons\commons-csv\1.9.0\commons-csv-1.9.0.jar;C:\Users\jhon.guatibonza.SOFKA\.m2\repository\net\serenity-bdd\serenity-core\4.1.20\serenity-core-4.1.20.jar;C:\Users\jhon.guatibonza.SOFKA\.m2\repository\net\serenity-bdd\serenity-model\4.1.20\serenity-model-4.1.20.jar;C:\Users\jhon.guatibonza.SOFKA\.m2\repository\org\apache\commons\commons-text\1.11.0\commons-text-1.11.0.jar;C:\Users\jhon.guatibonza.SOFKA\.m2\repository\commons-net\commons-net\3.10.0\commons-net-3.10.0.jar;C:\Users\jhon.guatibonza.SOFKA\.m2\repository\org\jsoup\jsoup\1.15.4\jsoup-1.15.4.jar;C:\Users\jhon.guatibonza.SOFKA\.m2\repository\com\thoughtworks\xstream\xstream\1.4.20\xstream-1.4.20.jar;C:\Users\jhon.guatibonza.SOFKA\.m2\repository\io\github\x-stream\mxparser\1.2.2\mxparser-1.2.2.jar;C:\Users\jhon.guatibonza.SOFKA\.m2\repository\xmlpull\xmlpull\1.1.3.1\xmlpull-1.1.3.1.jar;C:\Users\jhon.guatibonza.SOFKA\.m2\repository\com\typesafe\config\1.4.3\config-1.4.3.jar;C:\Users\jhon.guatibonza.SOFKA\.m2\repository\org\imgscalr\imgscalr-lib\4.2\imgscalr-lib-4.2.jar;C:\Users\jhon.guatibonza.SOFKA\.m2\repository\org\awaitility\awaitility\4.2.0\awaitility-4.2.0.jar;C:\Users\jhon.guatibonza.SOFKA\.m2\repository\org\freemarker\freemarker\2.3.32\freemarker-2.3.32.jar;C:\Users\jhon.guatibonza.SOFKA\.m2\repository\io\github\classgraph\classgraph\4.8.157\classgraph-4.8.157.jar;C:\Users\jhon.guatibonza.SOFKA\.m2\repository\com\github\ben-manes\caffeine\caffeine\2.9.2\caffeine-2.9.2.jar;C:\Users\jhon.guatibonza.SOFKA\.m2\repository\org\ehcache\ehcache\3.10.8\ehcache-3.10.8.jar;C:\Users\jhon.guatibonza.SOFKA\.m2\repository\javax\cache\cache-api\1.1.0\cache-api-1.1.0.jar;C:\Users\jhon.guatibonza.SOFKA\.m2\repository\net\sourceforge\jexcelapi\jxl\2.6.12\jxl-2.6.12.jar;C:\Users\jhon.guatibonza.SOFKA\.m2\repository\net\bytebuddy\byte-buddy-agent\1.14.15\byte-buddy-agent-1.14.15.jar;C:\Users\jhon.guatibonza.SOFKA\.m2\repository\org\objenesis\objenesis\3.3\objenesis-3.3.jar;C:\Users\jhon.guatibonza.SOFKA\.m2\repository\com\vladsch\flexmark\flexmark-all\0.64.8\flexmark-all-0.64.8.jar;C:\Users\jhon.guatibonza.SOFKA\.m2\repository\com\vladsch\flexmark\flexmark\0.64.8\flexmark-0.64.8.jar;C:\Users\jhon.guatibonza.SOFKA\.m2\repository\com\vladsch\flexmark\flexmark-ext-abbreviation\0.64.8\flexmark-ext-abbreviation-0.64.8.jar;C:\Users\jhon.guatibonza.SOFKA\.m2\repository\com\vladsch\flexmark\flexmark-ext-admonition\0.64.8\flexmark-ext-admonition-0.64.8.jar;C:\Users\jhon.guatibonza.SOFKA\.m2\repository\com\vladsch\flexmark\flexmark-ext-anchorlink\0.64.8\flexmark-ext-anchorlink-0.64.8.jar;C:\Users\jhon.guatibonza.SOFKA\.m2\repository\com\vladsch\flexmark\flexmark-ext-aside\0.64.8\flexmark-ext-aside-0.64.8.jar;C:\Users\jhon.guatibonza.SOFKA\.m2\repository\com\vladsch\flexmark\flexmark-ext-attributes\0.64.8\flexmark-ext-attributes-0.64.8.jar;C:\Users\jhon.guatibonza.SOFKA\.m2\repository\com\vladsch\flexmark\flexmark-ext-autolink\0.64.8\flexmark-ext-autolink-0.64.8.jar;C:\Users\jhon.guatibonza.SOFKA\.m2\repository\org\nibor\autolink\autolink\0.6.0\autolink-0.6.0.jar;C:\Users\jhon.guatibonza.SOFKA\.m2\repository\com\vladsch\flexmark\flexmark-ext-definition\0.64.8\flexmark-ext-definition-0.64.8.jar;C:\Users\jhon.guatibonza.SOFKA\.m2\repository\com\vladsch\flexmark\flexmark-ext-emoji\0.64.8\flexmark-ext-emoji-0.64.8.jar;C:\Users\jhon.guatibonza.SOFKA\.m2\repository\com\vladsch\flexmark\flexmark-ext-enumerated-reference\0.64.8\flexmark-ext-enumerated-reference-0.64.8.jar;C:\Users\jhon.guatibonza.SOFKA\.m2\repository\com\vladsch\flexmark\flexmark-ext-escaped-character\0.64.8\flexmark-ext-escaped-character-0.64.8.jar;C:\Users\jhon.guatibonza.SOFKA\.m2\repository\com\vladsch\flexmark\flexmark-ext-footnotes\0.64.8\flexmark-ext-footnotes-0.64.8.jar;C:\Users\jhon.guatibonza.SOFKA\.m2\repository\com\vladsch\flexmark\flexmark-ext-gfm-issues\0.64.8\flexmark-ext-gfm-issues-0.64.8.jar;C:\Users\jhon.guatibonza.SOFKA\.m2\repository\com\vladsch\flexmark\flexmark-ext-gfm-strikethrough\0.64.8\flexmark-ext-gfm-strikethrough-0.64.8.jar;C:\Users\jhon.guatibonza.SOFKA\.m2\repository\com\vladsch\flexmark\flexmark-ext-gfm-tasklist\0.64.8\flexmark-ext-gfm-tasklist-0.64.8.jar;C:\Users\jhon.guatibonza.SOFKA\.m2\repository\com\vladsch\flexmark\flexmark-ext-gfm-users\0.64.8\flexmark-ext-gfm-users-0.64.8.jar;C:\Users\jhon.guatibonza.SOFKA\.m2\repository\com\vladsch\flexmark\flexmark-ext-gitlab\0.64.8\flexmark-ext-gitlab-0.64.8.jar;C:\Users\jhon.guatibonza.SOFKA\.m2\repository\com\vladsch\flexmark\flexmark-ext-jekyll-front-matter\0.64.8\flexmark-ext-jekyll-front-matter-0.64.8.jar;C:\Users\jhon.guatibonza.SOFKA\.m2\repository\com\vladsch\flexmark\flexmark-ext-jekyll-tag\0.64.8\flexmark-ext-jekyll-tag-0.64.8.jar;C:\Users\jhon.guatibonza.SOFKA\.m2\repository\com\vladsch\flexmark\flexmark-ext-media-tags\0.64.8\flexmark-ext-media-tags-0.64.8.jar;C:\Users\jhon.guatibonza.SOFKA\.m2\repository\com\vladsch\flexmark\flexmark-ext-macros\0.64.8\flexmark-ext-macros-0.64.8.jar;C:\Users\jhon.guatibonza.SOFKA\.m2\repository\com\vladsch\flexmark\flexmark-ext-ins\0.64.8\flexmark-ext-ins-0.64.8.jar;C:\Users\jhon.guatibonza.SOFKA\.m2\repository\com\vladsch\flexmark\flexmark-ext-xwiki-macros\0.64.8\flexmark-ext-xwiki-macros-0.64.8.jar;C:\Users\jhon.guatibonza.SOFKA\.m2\repository\com\vladsch\flexmark\flexmark-ext-superscript\0.64.8\flexmark-ext-superscript-0.64.8.jar;C:\Users\jhon.guatibonza.SOFKA\.m2\repository\com\vladsch\flexmark\flexmark-ext-toc\0.64.8\flexmark-ext-toc-0.64.8.jar;C:\Users\jhon.guatibonza.SOFKA\.m2\repository\com\vladsch\flexmark\flexmark-ext-typographic\0.64.8\flexmark-ext-typographic-0.64.8.jar;C:\Users\jhon.guatibonza.SOFKA\.m2\repository\com\vladsch\flexmark\flexmark-ext-wikilink\0.64.8\flexmark-ext-wikilink-0.64.8.jar;C:\Users\jhon.guatibonza.SOFKA\.m2\repository\com\vladsch\flexmark\flexmark-ext-yaml-front-matter\0.64.8\flexmark-ext-yaml-front-matter-0.64.8.jar;C:\Users\jhon.guatibonza.SOFKA\.m2\repository\com\vladsch\flexmark\flexmark-ext-youtube-embedded\0.64.8\flexmark-ext-youtube-embedded-0.64.8.jar;C:\Users\jhon.guatibonza.SOFKA\.m2\repository\com\vladsch\flexmark\flexmark-html2md-converter\0.64.8\flexmark-html2md-converter-0.64.8.jar;C:\Users\jhon.guatibonza.SOFKA\.m2\repository\com\vladsch\flexmark\flexmark-jira-converter\0.64.8\flexmark-jira-converter-0.64.8.jar;C:\Users\jhon.guatibonza.SOFKA\.m2\repository\com\vladsch\flexmark\flexmark-pdf-converter\0.64.8\flexmark-pdf-converter-0.64.8.jar;C:\Users\jhon.guatibonza.SOFKA\.m2\repository\com\openhtmltopdf\openhtmltopdf-core\1.0.10\openhtmltopdf-core-1.0.10.jar;C:\Users\jhon.guatibonza.SOFKA\.m2\repository\com\openhtmltopdf\openhtmltopdf-pdfbox\1.0.10\openhtmltopdf-pdfbox-1.0.10.jar;C:\Users\jhon.guatibonza.SOFKA\.m2\repository\org\apache\pdfbox\pdfbox\2.0.24\pdfbox-2.0.24.jar;C:\Users\jhon.guatibonza.SOFKA\.m2\repository\org\apache\pdfbox\fontbox\2.0.24\fontbox-2.0.24.jar;C:\Users\jhon.guatibonza.SOFKA\.m2\repository\org\apache\pdfbox\xmpbox\2.0.24\xmpbox-2.0.24.jar;C:\Users\jhon.guatibonza.SOFKA\.m2\repository\de\rototor\pdfbox\graphics2d\0.32\graphics2d-0.32.jar;C:\Users\jhon.guatibonza.SOFKA\.m2\repository\com\openhtmltopdf\openhtmltopdf-rtl-support\1.0.10\openhtmltopdf-rtl-support-1.0.10.jar;C:\Users\jhon.guatibonza.SOFKA\.m2\repository\com\vladsch\flexmark\flexmark-profile-pegdown\0.64.8\flexmark-profile-pegdown-0.64.8.jar;C:\Users\jhon.guatibonza.SOFKA\.m2\repository\com\vladsch\flexmark\flexmark-util-ast\0.64.8\flexmark-util-ast-0.64.8.jar;C:\Users\jhon.guatibonza.SOFKA\.m2\repository\org\jetbrains\annotations\24.0.1\annotations-24.0.1.jar;C:\Users\jhon.guatibonza.SOFKA\.m2\repository\com\vladsch\flexmark\flexmark-util-builder\0.64.8\flexmark-util-builder-0.64.8.jar;C:\Users\jhon.guatibonza.SOFKA\.m2\repository\com\vladsch\flexmark\flexmark-util-collection\0.64.8\flexmark-util-collection-0.64.8.jar;C:\Users\jhon.guatibonza.SOFKA\.m2\repository\com\vladsch\flexmark\flexmark-util-data\0.64.8\flexmark-util-data-0.64.8.jar;C:\Users\jhon.guatibonza.SOFKA\.m2\repository\com\vladsch\flexmark\flexmark-util-dependency\0.64.8\flexmark-util-dependency-0.64.8.jar;C:\Users\jhon.guatibonza.SOFKA\.m2\repository\com\vladsch\flexmark\flexmark-util-format\0.64.8\flexmark-util-format-0.64.8.jar;C:\Users\jhon.guatibonza.SOFKA\.m2\repository\com\vladsch\flexmark\flexmark-util-html\0.64.8\flexmark-util-html-0.64.8.jar;C:\Users\jhon.guatibonza.SOFKA\.m2\repository\com\vladsch\flexmark\flexmark-util-misc\0.64.8\flexmark-util-misc-0.64.8.jar;C:\Users\jhon.guatibonza.SOFKA\.m2\repository\com\vladsch\flexmark\flexmark-util-options\0.64.8\flexmark-util-options-0.64.8.jar;C:\Users\jhon.guatibonza.SOFKA\.m2\repository\com\vladsch\flexmark\flexmark-util-sequence\0.64.8\flexmark-util-sequence-0.64.8.jar;C:\Users\jhon.guatibonza.SOFKA\.m2\repository\com\vladsch\flexmark\flexmark-util-visitor\0.64.8\flexmark-util-visitor-0.64.8.jar;C:\Users\jhon.guatibonza.SOFKA\.m2\repository\com\vladsch\flexmark\flexmark-youtrack-converter\0.64.8\flexmark-youtrack-converter-0.64.8.jar;C:\Users\jhon.guatibonza.SOFKA\.m2\repository\com\vladsch\flexmark\flexmark-ext-resizable-image\0.64.8\flexmark-ext-resizable-image-0.64.8.jar;C:\Users\jhon.guatibonza.SOFKA\.m2\repository\com\vladsch\flexmark\flexmark-ext-tables\0.64.8\flexmark-ext-tables-0.64.8.jar;C:\Users\jhon.guatibonza.SOFKA\.m2\repository\com\vladsch\flexmark\flexmark-util\0.64.8\flexmark-util-0.64.8.jar;C:\Users\jhon.guatibonza.SOFKA\.m2\repository\net\serenity-bdd\serenity-reports\4.1.20\serenity-reports-4.1.20.jar;C:\Users\jhon.guatibonza.SOFKA\.m2\repository\net\serenity-bdd\serenity-stats\4.1.20\serenity-stats-4.1.20.jar;C:\Users\jhon.guatibonza.SOFKA\.m2\repository\org\jetbrains\kotlin\kotlin-stdlib\1.9.24\kotlin-stdlib-1.9.24.jar;C:\Users\jhon.guatibonza.SOFKA\.m2\repository\net\serenity-bdd\serenity-reports-configuration\4.1.20\serenity-reports-configuration-4.1.20.jar;C:\Users\jhon.guatibonza.SOFKA\.m2\repository\com\ibm\icu\icu4j\72.1\icu4j-72.1.jar;C:\Users\jhon.guatibonza.SOFKA\.m2\repository\es\nitaur\markdown\txtmark\0.16\txtmark-0.16.jar;C:\Users\jhon.guatibonza.SOFKA\.m2\repository\net\serenity-bdd\serenity-report-resources\4.1.20\serenity-report-resources-4.1.20.jar;C:\Users\jhon.guatibonza.SOFKA\.m2\repository\com\google\code\gson\gson\2.10.1\gson-2.10.1.jar;C:\Users\jhon.guatibonza.SOFKA\.m2\repository\com\fasterxml\jackson\core\jackson-core\2.17.0\jackson-core-2.17.0.jar;C:\Users\jhon.guatibonza.SOFKA\.m2\repository\com\fasterxml\jackson\core\jackson-databind\2.17.0\jackson-databind-2.17.0.jar;C:\Users\jhon.guatibonza.SOFKA\.m2\repository\com\fasterxml\jackson\core\jackson-annotations\2.17.0\jackson-annotations-2.17.0.jar;C:\Users\jhon.guatibonza.SOFKA\.m2\repository\commons-codec\commons-codec\1.16.1\commons-codec-1.16.1.jar;C:\Users\jhon.guatibonza.SOFKA\.m2\repository\commons-io\commons-io\2.15.1\commons-io-2.15.1.jar;C:\Users\jhon.guatibonza.SOFKA\.m2\repository\org\apache\httpcomponents\httpclient\4.5.13\httpclient-4.5.13.jar;C:\Users\jhon.guatibonza.SOFKA\.m2\repository\org\apache\httpcomponents\httpcore\4.4.13\httpcore-4.4.13.jar;C:\Users\jhon.guatibonza.SOFKA\.m2\repository\commons-logging\commons-logging\1.2\commons-logging-1.2.jar;C:\Users\jhon.guatibonza.SOFKA\.m2\repository\org\htmlunit\htmlunit\4.1.0\htmlunit-4.1.0.jar;C:\Users\jhon.guatibonza.SOFKA\.m2\repository\org\apache\httpcomponents\httpmime\4.5.14\httpmime-4.5.14.jar;C:\Users\jhon.guatibonza.SOFKA\.m2\repository\org\htmlunit\htmlunit-core-js\4.1.0\htmlunit-core-js-4.1.0.jar;C:\Users\jhon.guatibonza.SOFKA\.m2\repository\org\htmlunit\neko-htmlunit\4.1.0\neko-htmlunit-4.1.0.jar;C:\Users\jhon.guatibonza.SOFKA\.m2\repository\org\htmlunit\htmlunit-cssparser\4.1.0\htmlunit-cssparser-4.1.0.jar;C:\Users\jhon.guatibonza.SOFKA\.m2\repository\org\htmlunit\htmlunit-xpath\4.1.0\htmlunit-xpath-4.1.0.jar;C:\Users\jhon.guatibonza.SOFKA\.m2\repository\org\htmlunit\htmlunit-csp\4.1.0\htmlunit-csp-4.1.0.jar;C:\Users\jhon.guatibonza.SOFKA\.m2\repository\org\htmlunit\htmlunit-websocket-client\4.1.0\htmlunit-websocket-client-4.1.0.jar;C:\Users\jhon.guatibonza.SOFKA\.m2\repository\org\seleniumhq\selenium\htmlunit3-driver\4.21.0\htmlunit3-driver-4.21.0.jar;C:\Users\jhon.guatibonza.SOFKA\.m2\repository\io\appium\java-client\9.2.2\java-client-9.2.2.jar;C:\Users\jhon.guatibonza.SOFKA\.m2\repository\org\apache\groovy\groovy\4.0.13\groovy-4.0.13.jar;C:\Users\jhon.guatibonza.SOFKA\.m2\repository\net\sf\opencsv\opencsv\2.1\opencsv-2.1.jar;C:\Users\jhon.guatibonza.SOFKA\.m2\repository\org\apache\commons\commons-lang3\3.14.0\commons-lang3-3.14.0.jar;C:\Users\jhon.guatibonza.SOFKA\.m2\repository\org\apache\commons\commons-compress\1.26.0\commons-compress-1.26.0.jar;C:\Users\jhon.guatibonza.SOFKA\.m2\repository\org\fluentlenium\fluentlenium-core\0.10.2\fluentlenium-core-0.10.2.jar;C:\Users\jhon.guatibonza.SOFKA\.m2\repository\com\jhlabs\filters\2.0.235\filters-2.0.235.jar;C:\Users\jhon.guatibonza.SOFKA\.m2\repository\com\paulhammant\ngwebdriver\1.1.6\ngwebdriver-1.1.6.jar;C:\Users\jhon.guatibonza.SOFKA\.m2\repository\joda-time\joda-time\2.12.7\joda-time-2.12.7.jar;C:\Users\jhon.guatibonza.SOFKA\.m2\repository\org\hamcrest\hamcrest\2.2\hamcrest-2.2.jar;C:\Users\jhon.guatibonza.SOFKA\.m2\repository\com\google\jimfs\jimfs\1.3.0\jimfs-1.3.0.jar;C:\Users\jhon.guatibonza.SOFKA\.m2\repository\org\mockito\mockito-core\3.3.3\mockito-core-3.3.3.jar;C:\Users\jhon.guatibonza.SOFKA\.m2\repository\javax\xml\bind\jaxb-api\2.3.1\jaxb-api-2.3.1.jar;C:\Users\jhon.guatibonza.SOFKA\.m2\repository\javax\activation\javax.activation-api\1.2.0\javax.activation-api-1.2.0.jar;C:\Users\jhon.guatibonza.SOFKA\.m2\repository\com\sun\xml\bind\jaxb-core\2.3.0.1\jaxb-core-2.3.0.1.jar;C:\Users\jhon.guatibonza.SOFKA\.m2\repository\com\sun\xml\bind\jaxb-impl\2.3.3\jaxb-impl-2.3.3.jar;C:\Users\jhon.guatibonza.SOFKA\.m2\repository\jakarta\xml\bind\jakarta.xml.bind-api\2.3.3\jakarta.xml.bind-api-2.3.3.jar;C:\Users\jhon.guatibonza.SOFKA\.m2\repository\com\sun\activation\jakarta.activation\1.2.2\jakarta.activation-1.2.2.jar;C:\Users\jhon.guatibonza.SOFKA\.m2\repository\javax\activation\activation\1.1.1\activation-1.1.1.jar;C:\Users\jhon.guatibonza.SOFKA\.m2\repository\io\github\bonigarcia\webdrivermanager\5.7.0\webdrivermanager-5.7.0.jar;C:\Users\jhon.guatibonza.SOFKA\.m2\repository\org\slf4j\slf4j-api\2.0.12\slf4j-api-2.0.12.jar;C:\Users\jhon.guatibonza.SOFKA\.m2\repository\com\github\docker-java\docker-java\3.3.5\docker-java-3.3.5.jar;C:\Users\jhon.guatibonza.SOFKA\.m2\repository\com\github\docker-java\docker-java-core\3.3.5\docker-java-core-3.3.5.jar;C:\Users\jhon.guatibonza.SOFKA\.m2\repository\com\github\docker-java\docker-java-api\3.3.5\docker-java-api-3.3.5.jar;C:\Users\jhon.guatibonza.SOFKA\.m2\repository\org\bouncycastle\bcpkix-jdk18on\1.76\bcpkix-jdk18on-1.76.jar;C:\Users\jhon.guatibonza.SOFKA\.m2\repository\org\bouncycastle\bcprov-jdk18on\1.76\bcprov-jdk18on-1.76.jar;C:\Users\jhon.guatibonza.SOFKA\.m2\repository\org\bouncycastle\bcutil-jdk18on\1.76\bcutil-jdk18on-1.76.jar;C:\Users\jhon.guatibonza.SOFKA\.m2\repository\org\slf4j\jcl-over-slf4j\1.7.30\jcl-over-slf4j-1.7.30.jar;C:\Users\jhon.guatibonza.SOFKA\.m2\repository\com\github\docker-java\docker-java-transport-httpclient5\3.3.5\docker-java-transport-httpclient5-3.3.5.jar;C:\Users\jhon.guatibonza.SOFKA\.m2\repository\com\github\docker-java\docker-java-transport\3.3.5\docker-java-transport-3.3.5.jar;C:\Users\jhon.guatibonza.SOFKA\.m2\repository\net\java\dev\jna\jna\5.13.0\jna-5.13.0.jar;C:\Users\jhon.guatibonza.SOFKA\.m2\repository\org\brotli\dec\0.1.2\dec-0.1.2.jar;C:\Users\jhon.guatibonza.SOFKA\.m2\repository\org\apache\httpcomponents\client5\httpclient5\5.2.1\httpclient5-5.2.1.jar;C:\Users\jhon.guatibonza.SOFKA\.m2\repository\org\apache\httpcomponents\core5\httpcore5\5.2\httpcore5-5.2.jar;C:\Users\jhon.guatibonza.SOFKA\.m2\repository\org\apache\httpcomponents\core5\httpcore5-h2\5.2\httpcore5-h2-5.2.jar;C:\Users\jhon.guatibonza.SOFKA\.m2\repository\io\cucumber\cucumber-picocontainer\7.18.1\cucumber-picocontainer-7.18.1.jar;C:\Users\jhon.guatibonza.SOFKA\.m2\repository\org\picocontainer\picocontainer\2.15\picocontainer-2.15.jar;"/>
    <property name="java.vm.vendor" value="Oracle Corporation"/>
    <property name="sun.arch.data.model" value="64"/>
    <property name="user.variant" value=""/>
    <property name="java.vendor.url" value="http://java.oracle.com/"/>
    <property name="user.timezone" value="America/Bogota"/>
    <property name="java.vm.specification.version" value="11"/>
    <property name="os.name" value="Windows 10"/>
    <property name="sun.java.launcher" value="SUN_STANDARD"/>
    <property name="user.country" value="US"/>
    <property name="sun.boot.library.path" value="C:\Program Files\Java\jdk-11\bin"/>
    <property name="sun.java.command" value="C:\Users\jhon.guatibonza.SOFKA\AppData\Local\Temp\surefire11663678076986580096\surefirebooter-20241001123315380_3.jar C:\Users\jhon.guatibonza.SOFKA\AppData\Local\Temp\surefire11663678076986580096 2024-10-01T12-33-14_938-jvmRun1 surefire-20241001123315380_1tmp surefire_0-20241001123315380_2tmp"/>
    <property name="jdk.debug" value="release"/>
    <property name="surefire.test.class.path" value="D:\Sofka\Col\automation_test-colpatria-dev\target\test-classes;D:\Sofka\Col\automation_test-colpatria-dev\target\classes;C:\Users\jhon.guatibonza.SOFKA\.m2\repository\org\seleniumhq\selenium\selenium-java\4.13.0\selenium-java-4.13.0.jar;C:\Users\jhon.guatibonza.SOFKA\.m2\repository\org\seleniumhq\selenium\selenium-api\4.13.0\selenium-api-4.13.0.jar;C:\Users\jhon.guatibonza.SOFKA\.m2\repository\org\seleniumhq\selenium\selenium-chrome-driver\4.13.0\selenium-chrome-driver-4.13.0.jar;C:\Users\jhon.guatibonza.SOFKA\.m2\repository\com\google\auto\service\auto-service-annotations\1.1.1\auto-service-annotations-1.1.1.jar;C:\Users\jhon.guatibonza.SOFKA\.m2\repository\com\google\guava\guava\32.1.2-jre\guava-32.1.2-jre.jar;C:\Users\jhon.guatibonza.SOFKA\.m2\repository\com\google\guava\failureaccess\1.0.1\failureaccess-1.0.1.jar;C:\Users\jhon.guatibonza.SOFKA\.m2\repository\com\google\guava\listenablefuture\9999.0-empty-to-avoid-conflict-with-guava\listenablefuture-9999.0-empty-to-avoid-conflict-with-guava.jar;C:\Users\jhon.guatibonza.SOFKA\.m2\repository\com\google\code\findbugs\jsr305\3.0.2\jsr305-3.0.2.jar;C:\Users\jhon.guatibonza.SOFKA\.m2\repository\org\checkerframework\checker-qual\3.33.0\checker-qual-3.33.0.jar;C:\Users\jhon.guatibonza.SOFKA\.m2\repository\com\google\errorprone\error_prone_annotations\2.18.0\error_prone_annotations-2.18.0.jar;C:\Users\jhon.guatibonza.SOFKA\.m2\repository\com\google\j2objc\j2objc-annotations\2.8\j2objc-annotations-2.8.jar;C:\Users\jhon.guatibonza.SOFKA\.m2\repository\org\seleniumhq\selenium\selenium-chromium-driver\4.13.0\selenium-chromium-driver-4.13.0.jar;C:\Users\jhon.guatibonza.SOFKA\.m2\repository\org\seleniumhq\selenium\selenium-json\4.13.0\selenium-json-4.13.0.jar;C:\Users\jhon.guatibonza.SOFKA\.m2\repository\org\seleniumhq\selenium\selenium-manager\4.13.0\selenium-manager-4.13.0.jar;C:\Users\jhon.guatibonza.SOFKA\.m2\repository\org\seleniumhq\selenium\selenium-devtools-v115\4.13.0\selenium-devtools-v115-4.13.0.jar;C:\Users\jhon.guatibonza.SOFKA\.m2\repository\org\seleniumhq\selenium\selenium-devtools-v116\4.13.0\selenium-devtools-v116-4.13.0.jar;C:\Users\jhon.guatibonza.SOFKA\.m2\repository\org\seleniumhq\selenium\selenium-devtools-v117\4.13.0\selenium-devtools-v117-4.13.0.jar;C:\Users\jhon.guatibonza.SOFKA\.m2\repository\org\seleniumhq\selenium\selenium-devtools-v85\4.13.0\selenium-devtools-v85-4.13.0.jar;C:\Users\jhon.guatibonza.SOFKA\.m2\repository\org\seleniumhq\selenium\selenium-edge-driver\4.13.0\selenium-edge-driver-4.13.0.jar;C:\Users\jhon.guatibonza.SOFKA\.m2\repository\org\seleniumhq\selenium\selenium-firefox-driver\4.13.0\selenium-firefox-driver-4.13.0.jar;C:\Users\jhon.guatibonza.SOFKA\.m2\repository\org\seleniumhq\selenium\selenium-http\4.13.0\selenium-http-4.13.0.jar;C:\Users\jhon.guatibonza.SOFKA\.m2\repository\dev\failsafe\failsafe\3.3.2\failsafe-3.3.2.jar;C:\Users\jhon.guatibonza.SOFKA\.m2\repository\org\seleniumhq\selenium\selenium-ie-driver\4.13.0\selenium-ie-driver-4.13.0.jar;C:\Users\jhon.guatibonza.SOFKA\.m2\repository\org\seleniumhq\selenium\selenium-remote-driver\4.13.0\selenium-remote-driver-4.13.0.jar;C:\Users\jhon.guatibonza.SOFKA\.m2\repository\io\netty\netty-buffer\4.1.96.Final\netty-buffer-4.1.96.Final.jar;C:\Users\jhon.guatibonza.SOFKA\.m2\repository\io\netty\netty-codec-http\4.1.96.Final\netty-codec-http-4.1.96.Final.jar;C:\Users\jhon.guatibonza.SOFKA\.m2\repository\io\netty\netty-codec\4.1.96.Final\netty-codec-4.1.96.Final.jar;C:\Users\jhon.guatibonza.SOFKA\.m2\repository\io\netty\netty-handler\4.1.96.Final\netty-handler-4.1.96.Final.jar;C:\Users\jhon.guatibonza.SOFKA\.m2\repository\io\netty\netty-common\4.1.96.Final\netty-common-4.1.96.Final.jar;C:\Users\jhon.guatibonza.SOFKA\.m2\repository\io\netty\netty-transport-classes-epoll\4.1.96.Final\netty-transport-classes-epoll-4.1.96.Final.jar;C:\Users\jhon.guatibonza.SOFKA\.m2\repository\io\netty\netty-transport-classes-kqueue\4.1.96.Final\netty-transport-classes-kqueue-4.1.96.Final.jar;C:\Users\jhon.guatibonza.SOFKA\.m2\repository\io\netty\netty-transport-native-epoll\4.1.96.Final\netty-transport-native-epoll-4.1.96.Final.jar;C:\Users\jhon.guatibonza.SOFKA\.m2\repository\io\netty\netty-transport-native-kqueue\4.1.96.Final\netty-transport-native-kqueue-4.1.96.Final.jar;C:\Users\jhon.guatibonza.SOFKA\.m2\repository\io\netty\netty-transport-native-unix-common\4.1.96.Final\netty-transport-native-unix-common-4.1.96.Final.jar;C:\Users\jhon.guatibonza.SOFKA\.m2\repository\io\netty\netty-transport\4.1.96.Final\netty-transport-4.1.96.Final.jar;C:\Users\jhon.guatibonza.SOFKA\.m2\repository\io\netty\netty-resolver\4.1.96.Final\netty-resolver-4.1.96.Final.jar;C:\Users\jhon.guatibonza.SOFKA\.m2\repository\io\opentelemetry\opentelemetry-api\1.28.0\opentelemetry-api-1.28.0.jar;C:\Users\jhon.guatibonza.SOFKA\.m2\repository\io\opentelemetry\opentelemetry-context\1.28.0\opentelemetry-context-1.28.0.jar;C:\Users\jhon.guatibonza.SOFKA\.m2\repository\io\opentelemetry\opentelemetry-exporter-logging\1.28.0\opentelemetry-exporter-logging-1.28.0.jar;C:\Users\jhon.guatibonza.SOFKA\.m2\repository\io\opentelemetry\opentelemetry-sdk-metrics\1.28.0\opentelemetry-sdk-metrics-1.28.0.jar;C:\Users\jhon.guatibonza.SOFKA\.m2\repository\io\opentelemetry\opentelemetry-extension-incubator\1.28.0-alpha\opentelemetry-extension-incubator-1.28.0-alpha.jar;C:\Users\jhon.guatibonza.SOFKA\.m2\repository\io\opentelemetry\opentelemetry-sdk-logs\1.28.0\opentelemetry-sdk-logs-1.28.0.jar;C:\Users\jhon.guatibonza.SOFKA\.m2\repository\io\opentelemetry\opentelemetry-sdk-common\1.28.0\opentelemetry-sdk-common-1.28.0.jar;C:\Users\jhon.guatibonza.SOFKA\.m2\repository\io\opentelemetry\opentelemetry-sdk-extension-autoconfigure-spi\1.28.0\opentelemetry-sdk-extension-autoconfigure-spi-1.28.0.jar;C:\Users\jhon.guatibonza.SOFKA\.m2\repository\io\opentelemetry\opentelemetry-sdk-extension-autoconfigure\1.28.0\opentelemetry-sdk-extension-autoconfigure-1.28.0.jar;C:\Users\jhon.guatibonza.SOFKA\.m2\repository\io\opentelemetry\opentelemetry-api-events\1.28.0-alpha\opentelemetry-api-events-1.28.0-alpha.jar;C:\Users\jhon.guatibonza.SOFKA\.m2\repository\io\opentelemetry\opentelemetry-sdk-trace\1.28.0\opentelemetry-sdk-trace-1.28.0.jar;C:\Users\jhon.guatibonza.SOFKA\.m2\repository\io\opentelemetry\opentelemetry-sdk\1.28.0\opentelemetry-sdk-1.28.0.jar;C:\Users\jhon.guatibonza.SOFKA\.m2\repository\io\opentelemetry\opentelemetry-semconv\1.28.0-alpha\opentelemetry-semconv-1.28.0-alpha.jar;C:\Users\jhon.guatibonza.SOFKA\.m2\repository\net\bytebuddy\byte-buddy\1.14.5\byte-buddy-1.14.5.jar;C:\Users\jhon.guatibonza.SOFKA\.m2\repository\org\asynchttpclient\async-http-client\2.12.3\async-http-client-2.12.3.jar;C:\Users\jhon.guatibonza.SOFKA\.m2\repository\org\asynchttpclient\async-http-client-netty-utils\2.12.3\async-http-client-netty-utils-2.12.3.jar;C:\Users\jhon.guatibonza.SOFKA\.m2\repository\io\netty\netty-codec-socks\4.1.60.Final\netty-codec-socks-4.1.60.Final.jar;C:\Users\jhon.guatibonza.SOFKA\.m2\repository\io\netty\netty-handler-proxy\4.1.60.Final\netty-handler-proxy-4.1.60.Final.jar;C:\Users\jhon.guatibonza.SOFKA\.m2\repository\io\netty\netty-transport-native-epoll\4.1.60.Final\netty-transport-native-epoll-4.1.60.Final-linux-x86_64.jar;C:\Users\jhon.guatibonza.SOFKA\.m2\repository\io\netty\netty-transport-native-kqueue\4.1.60.Final\netty-transport-native-kqueue-4.1.60.Final-osx-x86_64.jar;C:\Users\jhon.guatibonza.SOFKA\.m2\repository\org\reactivestreams\reactive-streams\1.0.3\reactive-streams-1.0.3.jar;C:\Users\jhon.guatibonza.SOFKA\.m2\repository\com\typesafe\netty\netty-reactive-streams\2.0.4\netty-reactive-streams-2.0.4.jar;C:\Users\jhon.guatibonza.SOFKA\.m2\repository\org\seleniumhq\selenium\selenium-os\4.13.0\selenium-os-4.13.0.jar;C:\Users\jhon.guatibonza.SOFKA\.m2\repository\org\apache\commons\commons-exec\1.3\commons-exec-1.3.jar;C:\Users\jhon.guatibonza.SOFKA\.m2\repository\org\seleniumhq\selenium\selenium-safari-driver\4.13.0\selenium-safari-driver-4.13.0.jar;C:\Users\jhon.guatibonza.SOFKA\.m2\repository\org\seleniumhq\selenium\selenium-support\4.13.0\selenium-support-4.13.0.jar;C:\Users\jhon.guatibonza.SOFKA\.m2\repository\junit\junit\4.13.2\junit-4.13.2.jar;C:\Users\jhon.guatibonza.SOFKA\.m2\repository\org\hamcrest\hamcrest-core\1.3\hamcrest-core-1.3.jar;C:\Users\jhon.guatibonza.SOFKA\.m2\repository\io\cucumber\cucumber-java\7.13.0\cucumber-java-7.13.0.jar;C:\Users\jhon.guatibonza.SOFKA\.m2\repository\io\cucumber\cucumber-core\7.13.0\cucumber-core-7.13.0.jar;C:\Users\jhon.guatibonza.SOFKA\.m2\repository\io\cucumber\cucumber-gherkin\7.13.0\cucumber-gherkin-7.13.0.jar;C:\Users\jhon.guatibonza.SOFKA\.m2\repository\io\cucumber\cucumber-gherkin-messages\7.13.0\cucumber-gherkin-messages-7.13.0.jar;C:\Users\jhon.guatibonza.SOFKA\.m2\repository\io\cucumber\gherkin\26.2.0\gherkin-26.2.0.jar;C:\Users\jhon.guatibonza.SOFKA\.m2\repository\io\cucumber\messages\22.0.0\messages-22.0.0.jar;C:\Users\jhon.guatibonza.SOFKA\.m2\repository\io\cucumber\tag-expressions\5.0.1\tag-expressions-5.0.1.jar;C:\Users\jhon.guatibonza.SOFKA\.m2\repository\io\cucumber\cucumber-expressions\16.1.2\cucumber-expressions-16.1.2.jar;C:\Users\jhon.guatibonza.SOFKA\.m2\repository\io\cucumber\datatable\7.13.0\datatable-7.13.0.jar;C:\Users\jhon.guatibonza.SOFKA\.m2\repository\io\cucumber\cucumber-plugin\7.13.0\cucumber-plugin-7.13.0.jar;C:\Users\jhon.guatibonza.SOFKA\.m2\repository\io\cucumber\docstring\7.13.0\docstring-7.13.0.jar;C:\Users\jhon.guatibonza.SOFKA\.m2\repository\io\cucumber\html-formatter\20.3.1\html-formatter-20.3.1.jar;C:\Users\jhon.guatibonza.SOFKA\.m2\repository\io\cucumber\junit-xml-formatter\0.2.0\junit-xml-formatter-0.2.0.jar;C:\Users\jhon.guatibonza.SOFKA\.m2\repository\io\cucumber\ci-environment\9.2.0\ci-environment-9.2.0.jar;C:\Users\jhon.guatibonza.SOFKA\.m2\repository\org\apiguardian\apiguardian-api\1.1.2\apiguardian-api-1.1.2.jar;C:\Users\jhon.guatibonza.SOFKA\.m2\repository\io\cucumber\cucumber-junit\7.13.0\cucumber-junit-7.13.0.jar;C:\Users\jhon.guatibonza.SOFKA\.m2\repository\org\apache\commons\commons-csv\1.9.0\commons-csv-1.9.0.jar;C:\Users\jhon.guatibonza.SOFKA\.m2\repository\net\serenity-bdd\serenity-core\4.1.20\serenity-core-4.1.20.jar;C:\Users\jhon.guatibonza.SOFKA\.m2\repository\net\serenity-bdd\serenity-model\4.1.20\serenity-model-4.1.20.jar;C:\Users\jhon.guatibonza.SOFKA\.m2\repository\org\apache\commons\commons-text\1.11.0\commons-text-1.11.0.jar;C:\Users\jhon.guatibonza.SOFKA\.m2\repository\commons-net\commons-net\3.10.0\commons-net-3.10.0.jar;C:\Users\jhon.guatibonza.SOFKA\.m2\repository\org\jsoup\jsoup\1.15.4\jsoup-1.15.4.jar;C:\Users\jhon.guatibonza.SOFKA\.m2\repository\com\thoughtworks\xstream\xstream\1.4.20\xstream-1.4.20.jar;C:\Users\jhon.guatibonza.SOFKA\.m2\repository\io\github\x-stream\mxparser\1.2.2\mxparser-1.2.2.jar;C:\Users\jhon.guatibonza.SOFKA\.m2\repository\xmlpull\xmlpull\1.1.3.1\xmlpull-1.1.3.1.jar;C:\Users\jhon.guatibonza.SOFKA\.m2\repository\com\typesafe\config\1.4.3\config-1.4.3.jar;C:\Users\jhon.guatibonza.SOFKA\.m2\repository\org\imgscalr\imgscalr-lib\4.2\imgscalr-lib-4.2.jar;C:\Users\jhon.guatibonza.SOFKA\.m2\repository\org\awaitility\awaitility\4.2.0\awaitility-4.2.0.jar;C:\Users\jhon.guatibonza.SOFKA\.m2\repository\org\freemarker\freemarker\2.3.32\freemarker-2.3.32.jar;C:\Users\jhon.guatibonza.SOFKA\.m2\repository\io\github\classgraph\classgraph\4.8.157\classgraph-4.8.157.jar;C:\Users\jhon.guatibonza.SOFKA\.m2\repository\com\github\ben-manes\caffeine\caffeine\2.9.2\caffeine-2.9.2.jar;C:\Users\jhon.guatibonza.SOFKA\.m2\repository\org\ehcache\ehcache\3.10.8\ehcache-3.10.8.jar;C:\Users\jhon.guatibonza.SOFKA\.m2\repository\javax\cache\cache-api\1.1.0\cache-api-1.1.0.jar;C:\Users\jhon.guatibonza.SOFKA\.m2\repository\net\sourceforge\jexcelapi\jxl\2.6.12\jxl-2.6.12.jar;C:\Users\jhon.guatibonza.SOFKA\.m2\repository\net\bytebuddy\byte-buddy-agent\1.14.15\byte-buddy-agent-1.14.15.jar;C:\Users\jhon.guatibonza.SOFKA\.m2\repository\org\objenesis\objenesis\3.3\objenesis-3.3.jar;C:\Users\jhon.guatibonza.SOFKA\.m2\repository\com\vladsch\flexmark\flexmark-all\0.64.8\flexmark-all-0.64.8.jar;C:\Users\jhon.guatibonza.SOFKA\.m2\repository\com\vladsch\flexmark\flexmark\0.64.8\flexmark-0.64.8.jar;C:\Users\jhon.guatibonza.SOFKA\.m2\repository\com\vladsch\flexmark\flexmark-ext-abbreviation\0.64.8\flexmark-ext-abbreviation-0.64.8.jar;C:\Users\jhon.guatibonza.SOFKA\.m2\repository\com\vladsch\flexmark\flexmark-ext-admonition\0.64.8\flexmark-ext-admonition-0.64.8.jar;C:\Users\jhon.guatibonza.SOFKA\.m2\repository\com\vladsch\flexmark\flexmark-ext-anchorlink\0.64.8\flexmark-ext-anchorlink-0.64.8.jar;C:\Users\jhon.guatibonza.SOFKA\.m2\repository\com\vladsch\flexmark\flexmark-ext-aside\0.64.8\flexmark-ext-aside-0.64.8.jar;C:\Users\jhon.guatibonza.SOFKA\.m2\repository\com\vladsch\flexmark\flexmark-ext-attributes\0.64.8\flexmark-ext-attributes-0.64.8.jar;C:\Users\jhon.guatibonza.SOFKA\.m2\repository\com\vladsch\flexmark\flexmark-ext-autolink\0.64.8\flexmark-ext-autolink-0.64.8.jar;C:\Users\jhon.guatibonza.SOFKA\.m2\repository\org\nibor\autolink\autolink\0.6.0\autolink-0.6.0.jar;C:\Users\jhon.guatibonza.SOFKA\.m2\repository\com\vladsch\flexmark\flexmark-ext-definition\0.64.8\flexmark-ext-definition-0.64.8.jar;C:\Users\jhon.guatibonza.SOFKA\.m2\repository\com\vladsch\flexmark\flexmark-ext-emoji\0.64.8\flexmark-ext-emoji-0.64.8.jar;C:\Users\jhon.guatibonza.SOFKA\.m2\repository\com\vladsch\flexmark\flexmark-ext-enumerated-reference\0.64.8\flexmark-ext-enumerated-reference-0.64.8.jar;C:\Users\jhon.guatibonza.SOFKA\.m2\repository\com\vladsch\flexmark\flexmark-ext-escaped-character\0.64.8\flexmark-ext-escaped-character-0.64.8.jar;C:\Users\jhon.guatibonza.SOFKA\.m2\repository\com\vladsch\flexmark\flexmark-ext-footnotes\0.64.8\flexmark-ext-footnotes-0.64.8.jar;C:\Users\jhon.guatibonza.SOFKA\.m2\repository\com\vladsch\flexmark\flexmark-ext-gfm-issues\0.64.8\flexmark-ext-gfm-issues-0.64.8.jar;C:\Users\jhon.guatibonza.SOFKA\.m2\repository\com\vladsch\flexmark\flexmark-ext-gfm-strikethrough\0.64.8\flexmark-ext-gfm-strikethrough-0.64.8.jar;C:\Users\jhon.guatibonza.SOFKA\.m2\repository\com\vladsch\flexmark\flexmark-ext-gfm-tasklist\0.64.8\flexmark-ext-gfm-tasklist-0.64.8.jar;C:\Users\jhon.guatibonza.SOFKA\.m2\repository\com\vladsch\flexmark\flexmark-ext-gfm-users\0.64.8\flexmark-ext-gfm-users-0.64.8.jar;C:\Users\jhon.guatibonza.SOFKA\.m2\repository\com\vladsch\flexmark\flexmark-ext-gitlab\0.64.8\flexmark-ext-gitlab-0.64.8.jar;C:\Users\jhon.guatibonza.SOFKA\.m2\repository\com\vladsch\flexmark\flexmark-ext-jekyll-front-matter\0.64.8\flexmark-ext-jekyll-front-matter-0.64.8.jar;C:\Users\jhon.guatibonza.SOFKA\.m2\repository\com\vladsch\flexmark\flexmark-ext-jekyll-tag\0.64.8\flexmark-ext-jekyll-tag-0.64.8.jar;C:\Users\jhon.guatibonza.SOFKA\.m2\repository\com\vladsch\flexmark\flexmark-ext-media-tags\0.64.8\flexmark-ext-media-tags-0.64.8.jar;C:\Users\jhon.guatibonza.SOFKA\.m2\repository\com\vladsch\flexmark\flexmark-ext-macros\0.64.8\flexmark-ext-macros-0.64.8.jar;C:\Users\jhon.guatibonza.SOFKA\.m2\repository\com\vladsch\flexmark\flexmark-ext-ins\0.64.8\flexmark-ext-ins-0.64.8.jar;C:\Users\jhon.guatibonza.SOFKA\.m2\repository\com\vladsch\flexmark\flexmark-ext-xwiki-macros\0.64.8\flexmark-ext-xwiki-macros-0.64.8.jar;C:\Users\jhon.guatibonza.SOFKA\.m2\repository\com\vladsch\flexmark\flexmark-ext-superscript\0.64.8\flexmark-ext-superscript-0.64.8.jar;C:\Users\jhon.guatibonza.SOFKA\.m2\repository\com\vladsch\flexmark\flexmark-ext-toc\0.64.8\flexmark-ext-toc-0.64.8.jar;C:\Users\jhon.guatibonza.SOFKA\.m2\repository\com\vladsch\flexmark\flexmark-ext-typographic\0.64.8\flexmark-ext-typographic-0.64.8.jar;C:\Users\jhon.guatibonza.SOFKA\.m2\repository\com\vladsch\flexmark\flexmark-ext-wikilink\0.64.8\flexmark-ext-wikilink-0.64.8.jar;C:\Users\jhon.guatibonza.SOFKA\.m2\repository\com\vladsch\flexmark\flexmark-ext-yaml-front-matter\0.64.8\flexmark-ext-yaml-front-matter-0.64.8.jar;C:\Users\jhon.guatibonza.SOFKA\.m2\repository\com\vladsch\flexmark\flexmark-ext-youtube-embedded\0.64.8\flexmark-ext-youtube-embedded-0.64.8.jar;C:\Users\jhon.guatibonza.SOFKA\.m2\repository\com\vladsch\flexmark\flexmark-html2md-converter\0.64.8\flexmark-html2md-converter-0.64.8.jar;C:\Users\jhon.guatibonza.SOFKA\.m2\repository\com\vladsch\flexmark\flexmark-jira-converter\0.64.8\flexmark-jira-converter-0.64.8.jar;C:\Users\jhon.guatibonza.SOFKA\.m2\repository\com\vladsch\flexmark\flexmark-pdf-converter\0.64.8\flexmark-pdf-converter-0.64.8.jar;C:\Users\jhon.guatibonza.SOFKA\.m2\repository\com\openhtmltopdf\openhtmltopdf-core\1.0.10\openhtmltopdf-core-1.0.10.jar;C:\Users\jhon.guatibonza.SOFKA\.m2\repository\com\openhtmltopdf\openhtmltopdf-pdfbox\1.0.10\openhtmltopdf-pdfbox-1.0.10.jar;C:\Users\jhon.guatibonza.SOFKA\.m2\repository\org\apache\pdfbox\pdfbox\2.0.24\pdfbox-2.0.24.jar;C:\Users\jhon.guatibonza.SOFKA\.m2\repository\org\apache\pdfbox\fontbox\2.0.24\fontbox-2.0.24.jar;C:\Users\jhon.guatibonza.SOFKA\.m2\repository\org\apache\pdfbox\xmpbox\2.0.24\xmpbox-2.0.24.jar;C:\Users\jhon.guatibonza.SOFKA\.m2\repository\de\rototor\pdfbox\graphics2d\0.32\graphics2d-0.32.jar;C:\Users\jhon.guatibonza.SOFKA\.m2\repository\com\openhtmltopdf\openhtmltopdf-rtl-support\1.0.10\openhtmltopdf-rtl-support-1.0.10.jar;C:\Users\jhon.guatibonza.SOFKA\.m2\repository\com\vladsch\flexmark\flexmark-profile-pegdown\0.64.8\flexmark-profile-pegdown-0.64.8.jar;C:\Users\jhon.guatibonza.SOFKA\.m2\repository\com\vladsch\flexmark\flexmark-util-ast\0.64.8\flexmark-util-ast-0.64.8.jar;C:\Users\jhon.guatibonza.SOFKA\.m2\repository\org\jetbrains\annotations\24.0.1\annotations-24.0.1.jar;C:\Users\jhon.guatibonza.SOFKA\.m2\repository\com\vladsch\flexmark\flexmark-util-builder\0.64.8\flexmark-util-builder-0.64.8.jar;C:\Users\jhon.guatibonza.SOFKA\.m2\repository\com\vladsch\flexmark\flexmark-util-collection\0.64.8\flexmark-util-collection-0.64.8.jar;C:\Users\jhon.guatibonza.SOFKA\.m2\repository\com\vladsch\flexmark\flexmark-util-data\0.64.8\flexmark-util-data-0.64.8.jar;C:\Users\jhon.guatibonza.SOFKA\.m2\repository\com\vladsch\flexmark\flexmark-util-dependency\0.64.8\flexmark-util-dependency-0.64.8.jar;C:\Users\jhon.guatibonza.SOFKA\.m2\repository\com\vladsch\flexmark\flexmark-util-format\0.64.8\flexmark-util-format-0.64.8.jar;C:\Users\jhon.guatibonza.SOFKA\.m2\repository\com\vladsch\flexmark\flexmark-util-html\0.64.8\flexmark-util-html-0.64.8.jar;C:\Users\jhon.guatibonza.SOFKA\.m2\repository\com\vladsch\flexmark\flexmark-util-misc\0.64.8\flexmark-util-misc-0.64.8.jar;C:\Users\jhon.guatibonza.SOFKA\.m2\repository\com\vladsch\flexmark\flexmark-util-options\0.64.8\flexmark-util-options-0.64.8.jar;C:\Users\jhon.guatibonza.SOFKA\.m2\repository\com\vladsch\flexmark\flexmark-util-sequence\0.64.8\flexmark-util-sequence-0.64.8.jar;C:\Users\jhon.guatibonza.SOFKA\.m2\repository\com\vladsch\flexmark\flexmark-util-visitor\0.64.8\flexmark-util-visitor-0.64.8.jar;C:\Users\jhon.guatibonza.SOFKA\.m2\repository\com\vladsch\flexmark\flexmark-youtrack-converter\0.64.8\flexmark-youtrack-converter-0.64.8.jar;C:\Users\jhon.guatibonza.SOFKA\.m2\repository\com\vladsch\flexmark\flexmark-ext-resizable-image\0.64.8\flexmark-ext-resizable-image-0.64.8.jar;C:\Users\jhon.guatibonza.SOFKA\.m2\repository\com\vladsch\flexmark\flexmark-ext-tables\0.64.8\flexmark-ext-tables-0.64.8.jar;C:\Users\jhon.guatibonza.SOFKA\.m2\repository\com\vladsch\flexmark\flexmark-util\0.64.8\flexmark-util-0.64.8.jar;C:\Users\jhon.guatibonza.SOFKA\.m2\repository\net\serenity-bdd\serenity-reports\4.1.20\serenity-reports-4.1.20.jar;C:\Users\jhon.guatibonza.SOFKA\.m2\repository\net\serenity-bdd\serenity-stats\4.1.20\serenity-stats-4.1.20.jar;C:\Users\jhon.guatibonza.SOFKA\.m2\repository\org\jetbrains\kotlin\kotlin-stdlib\1.9.24\kotlin-stdlib-1.9.24.jar;C:\Users\jhon.guatibonza.SOFKA\.m2\repository\net\serenity-bdd\serenity-reports-configuration\4.1.20\serenity-reports-configuration-4.1.20.jar;C:\Users\jhon.guatibonza.SOFKA\.m2\repository\com\ibm\icu\icu4j\72.1\icu4j-72.1.jar;C:\Users\jhon.guatibonza.SOFKA\.m2\repository\es\nitaur\markdown\txtmark\0.16\txtmark-0.16.jar;C:\Users\jhon.guatibonza.SOFKA\.m2\repository\net\serenity-bdd\serenity-report-resources\4.1.20\serenity-report-resources-4.1.20.jar;C:\Users\jhon.guatibonza.SOFKA\.m2\repository\com\google\code\gson\gson\2.10.1\gson-2.10.1.jar;C:\Users\jhon.guatibonza.SOFKA\.m2\repository\com\fasterxml\jackson\core\jackson-core\2.17.0\jackson-core-2.17.0.jar;C:\Users\jhon.guatibonza.SOFKA\.m2\repository\com\fasterxml\jackson\core\jackson-databind\2.17.0\jackson-databind-2.17.0.jar;C:\Users\jhon.guatibonza.SOFKA\.m2\repository\com\fasterxml\jackson\core\jackson-annotations\2.17.0\jackson-annotations-2.17.0.jar;C:\Users\jhon.guatibonza.SOFKA\.m2\repository\commons-codec\commons-codec\1.16.1\commons-codec-1.16.1.jar;C:\Users\jhon.guatibonza.SOFKA\.m2\repository\commons-io\commons-io\2.15.1\commons-io-2.15.1.jar;C:\Users\jhon.guatibonza.SOFKA\.m2\repository\org\apache\httpcomponents\httpclient\4.5.13\httpclient-4.5.13.jar;C:\Users\jhon.guatibonza.SOFKA\.m2\repository\org\apache\httpcomponents\httpcore\4.4.13\httpcore-4.4.13.jar;C:\Users\jhon.guatibonza.SOFKA\.m2\repository\commons-logging\commons-logging\1.2\commons-logging-1.2.jar;C:\Users\jhon.guatibonza.SOFKA\.m2\repository\org\htmlunit\htmlunit\4.1.0\htmlunit-4.1.0.jar;C:\Users\jhon.guatibonza.SOFKA\.m2\repository\org\apache\httpcomponents\httpmime\4.5.14\httpmime-4.5.14.jar;C:\Users\jhon.guatibonza.SOFKA\.m2\repository\org\htmlunit\htmlunit-core-js\4.1.0\htmlunit-core-js-4.1.0.jar;C:\Users\jhon.guatibonza.SOFKA\.m2\repository\org\htmlunit\neko-htmlunit\4.1.0\neko-htmlunit-4.1.0.jar;C:\Users\jhon.guatibonza.SOFKA\.m2\repository\org\htmlunit\htmlunit-cssparser\4.1.0\htmlunit-cssparser-4.1.0.jar;C:\Users\jhon.guatibonza.SOFKA\.m2\repository\org\htmlunit\htmlunit-xpath\4.1.0\htmlunit-xpath-4.1.0.jar;C:\Users\jhon.guatibonza.SOFKA\.m2\repository\org\htmlunit\htmlunit-csp\4.1.0\htmlunit-csp-4.1.0.jar;C:\Users\jhon.guatibonza.SOFKA\.m2\repository\org\htmlunit\htmlunit-websocket-client\4.1.0\htmlunit-websocket-client-4.1.0.jar;C:\Users\jhon.guatibonza.SOFKA\.m2\repository\org\seleniumhq\selenium\htmlunit3-driver\4.21.0\htmlunit3-driver-4.21.0.jar;C:\Users\jhon.guatibonza.SOFKA\.m2\repository\io\appium\java-client\9.2.2\java-client-9.2.2.jar;C:\Users\jhon.guatibonza.SOFKA\.m2\repository\org\apache\groovy\groovy\4.0.13\groovy-4.0.13.jar;C:\Users\jhon.guatibonza.SOFKA\.m2\repository\net\sf\opencsv\opencsv\2.1\opencsv-2.1.jar;C:\Users\jhon.guatibonza.SOFKA\.m2\repository\org\apache\commons\commons-lang3\3.14.0\commons-lang3-3.14.0.jar;C:\Users\jhon.guatibonza.SOFKA\.m2\repository\org\apache\commons\commons-compress\1.26.0\commons-compress-1.26.0.jar;C:\Users\jhon.guatibonza.SOFKA\.m2\repository\org\fluentlenium\fluentlenium-core\0.10.2\fluentlenium-core-0.10.2.jar;C:\Users\jhon.guatibonza.SOFKA\.m2\repository\com\jhlabs\filters\2.0.235\filters-2.0.235.jar;C:\Users\jhon.guatibonza.SOFKA\.m2\repository\com\paulhammant\ngwebdriver\1.1.6\ngwebdriver-1.1.6.jar;C:\Users\jhon.guatibonza.SOFKA\.m2\repository\joda-time\joda-time\2.12.7\joda-time-2.12.7.jar;C:\Users\jhon.guatibonza.SOFKA\.m2\repository\org\hamcrest\hamcrest\2.2\hamcrest-2.2.jar;C:\Users\jhon.guatibonza.SOFKA\.m2\repository\com\google\jimfs\jimfs\1.3.0\jimfs-1.3.0.jar;C:\Users\jhon.guatibonza.SOFKA\.m2\repository\org\mockito\mockito-core\3.3.3\mockito-core-3.3.3.jar;C:\Users\jhon.guatibonza.SOFKA\.m2\repository\javax\xml\bind\jaxb-api\2.3.1\jaxb-api-2.3.1.jar;C:\Users\jhon.guatibonza.SOFKA\.m2\repository\javax\activation\javax.activation-api\1.2.0\javax.activation-api-1.2.0.jar;C:\Users\jhon.guatibonza.SOFKA\.m2\repository\com\sun\xml\bind\jaxb-core\2.3.0.1\jaxb-core-2.3.0.1.jar;C:\Users\jhon.guatibonza.SOFKA\.m2\repository\com\sun\xml\bind\jaxb-impl\2.3.3\jaxb-impl-2.3.3.jar;C:\Users\jhon.guatibonza.SOFKA\.m2\repository\jakarta\xml\bind\jakarta.xml.bind-api\2.3.3\jakarta.xml.bind-api-2.3.3.jar;C:\Users\jhon.guatibonza.SOFKA\.m2\repository\com\sun\activation\jakarta.activation\1.2.2\jakarta.activation-1.2.2.jar;C:\Users\jhon.guatibonza.SOFKA\.m2\repository\javax\activation\activation\1.1.1\activation-1.1.1.jar;C:\Users\jhon.guatibonza.SOFKA\.m2\repository\io\github\bonigarcia\webdrivermanager\5.7.0\webdrivermanager-5.7.0.jar;C:\Users\jhon.guatibonza.SOFKA\.m2\repository\org\slf4j\slf4j-api\2.0.12\slf4j-api-2.0.12.jar;C:\Users\jhon.guatibonza.SOFKA\.m2\repository\com\github\docker-java\docker-java\3.3.5\docker-java-3.3.5.jar;C:\Users\jhon.guatibonza.SOFKA\.m2\repository\com\github\docker-java\docker-java-core\3.3.5\docker-java-core-3.3.5.jar;C:\Users\jhon.guatibonza.SOFKA\.m2\repository\com\github\docker-java\docker-java-api\3.3.5\docker-java-api-3.3.5.jar;C:\Users\jhon.guatibonza.SOFKA\.m2\repository\org\bouncycastle\bcpkix-jdk18on\1.76\bcpkix-jdk18on-1.76.jar;C:\Users\jhon.guatibonza.SOFKA\.m2\repository\org\bouncycastle\bcprov-jdk18on\1.76\bcprov-jdk18on-1.76.jar;C:\Users\jhon.guatibonza.SOFKA\.m2\repository\org\bouncycastle\bcutil-jdk18on\1.76\bcutil-jdk18on-1.76.jar;C:\Users\jhon.guatibonza.SOFKA\.m2\repository\org\slf4j\jcl-over-slf4j\1.7.30\jcl-over-slf4j-1.7.30.jar;C:\Users\jhon.guatibonza.SOFKA\.m2\repository\com\github\docker-java\docker-java-transport-httpclient5\3.3.5\docker-java-transport-httpclient5-3.3.5.jar;C:\Users\jhon.guatibonza.SOFKA\.m2\repository\com\github\docker-java\docker-java-transport\3.3.5\docker-java-transport-3.3.5.jar;C:\Users\jhon.guatibonza.SOFKA\.m2\repository\net\java\dev\jna\jna\5.13.0\jna-5.13.0.jar;C:\Users\jhon.guatibonza.SOFKA\.m2\repository\org\brotli\dec\0.1.2\dec-0.1.2.jar;C:\Users\jhon.guatibonza.SOFKA\.m2\repository\org\apache\httpcomponents\client5\httpclient5\5.2.1\httpclient5-5.2.1.jar;C:\Users\jhon.guatibonza.SOFKA\.m2\repository\org\apache\httpcomponents\core5\httpcore5\5.2\httpcore5-5.2.jar;C:\Users\jhon.guatibonza.SOFKA\.m2\repository\org\apache\httpcomponents\core5\httpcore5-h2\5.2\httpcore5-h2-5.2.jar;C:\Users\jhon.guatibonza.SOFKA\.m2\repository\io\cucumber\cucumber-picocontainer\7.18.1\cucumber-picocontainer-7.18.1.jar;C:\Users\jhon.guatibonza.SOFKA\.m2\repository\org\picocontainer\picocontainer\2.15\picocontainer-2.15.jar;"/>
    <property name="sun.cpu.endian" value="little"/>
    <property name="user.home" value="C:\Users\jhon.guatibonza.SOFKA"/>
    <property name="user.language" value="es"/>
    <property name="java.specification.vendor" value="Oracle Corporation"/>
    <property name="java.version.date" value="2018-09-25"/>
    <property name="java.home" value="C:\Program Files\Java\jdk-11"/>
    <property name="file.separator" value="\"/>
    <property name="basedir" value="D:\Sofka\Col\automation_test-colpatria-dev"/>
    <property name="java.vm.compressedOopsMode" value="Zero based"/>
    <property name="line.separator" value="&#10;"/>
    <property name="java.specification.name" value="Java Platform API Specification"/>
    <property name="java.vm.specification.vendor" value="Oracle Corporation"/>
    <property name="java.awt.graphicsenv" value="sun.awt.Win32GraphicsEnvironment"/>
    <property name="surefire.real.class.path" value="C:\Users\jhon.guatibonza.SOFKA\AppData\Local\Temp\surefire11663678076986580096\surefirebooter-20241001123315380_3.jar"/>
    <property name="user.script" value=""/>
    <property name="sun.management.compiler" value="HotSpot 64-Bit Tiered Compilers"/>
    <property name="java.runtime.version" value="11+28"/>
    <property name="user.name" value="jhon.guatibonza"/>
    <property name="path.separator" value=";"/>
    <property name="os.version" value="10.0"/>
    <property name="java.runtime.name" value="OpenJDK Runtime Environment"/>
    <property name="file.encoding" value="Cp1252"/>
    <property name="java.vm.name" value="OpenJDK 64-Bit Server VM"/>
    <property name="java.vendor.version" value="18.9"/>
    <property name="localRepository" value="C:\Users\jhon.guatibonza.SOFKA\.m2\repository"/>
    <property name="java.vendor.url.bug" value="http://bugreport.java.com/bugreport/"/>
    <property name="java.io.tmpdir" value="C:\Users\JHONGU~1.SOF\AppData\Local\Temp\"/>
    <property name="idea.version" value="2023.3.3"/>
    <property name="java.version" value="11"/>
    <property name="user.dir" value="D:\Sofka\Col\automation_test-colpatria-dev"/>
    <property name="os.arch" value="amd64"/>
    <property name="java.vm.specification.name" value="Java Virtual Machine Specification"/>
    <property name="java.awt.printerjob" value="sun.awt.windows.WPrinterJob"/>
    <property name="sun.os.patch.level" value=""/>
    <property name="environment" value="chrome"/>
    <property name="java.library.path" value="C:\Program Files\Java\jdk-11\bin;C:\WINDOWS\Sun\Java\bin;C:\WINDOWS\system32;C:\WINDOWS;C:\Program Files (x86)\Common Files\Oracle\Java\java8path;C:\Program Files (x86)\Common Files\Oracle\Java\javapath;C:\WINDOWS\system32;C:\WINDOWS;C:\WINDOWS\System32\Wbem;C:\WINDOWS\System32\WindowsPowerShell\v1.0\;C:\WINDOWS\System32\OpenSSH\;C:\Program Files\Git\cmd;C:\Program Files\Java\jdk-11\bin;C:\Maven\bin;C:\Program Files\Java\jdk-11\bin;C:\Gradle\bin;C:\Users\jhon.guatibonza\AppData\Local\Android\Sdk\tools;C:\Users\jhon.guatibonza\AppData\Local\Android\Sdk\tools\bin;C:\Users\jhon.guatibonza\AppData\Local\Android\Sdk\platform-tools;C:\Users\jhon.guatibonza\AppData\Local\Programs\Appium;C:\Program Files\nodejs\;C:\Program Files\Microsoft SQL Server\150\Tools\Binn\;C:\Program Files\Microsoft SQL Server\Client SDK\ODBC\170\Tools\Binn\;C:\Program Files\k6\;C:\Program Files\dotnet\;C:\Users\jhon.guatibonza.SOFKA\AppData\Local\Microsoft\WindowsApps;C:\Users\jhon.guatibonza.SOFKA\AppData\Local\atom\bin;C:\Users\jhon.guatibonza.SOFKA\AppData\Local\Programs\Microsoft VS Code\bin;."/>
    <property name="java.vendor" value="Oracle Corporation"/>
    <property name="java.vm.info" value="mixed mode"/>
    <property name="java.vm.version" value="11+28"/>
    <property name="sun.io.unicode.encoding" value="UnicodeLittle"/>
    <property name="java.class.version" value="55.0"/>
  </properties>
  <testcase name="Registro usuario" classname="Resgistro usuario" time="9.61">
    <failure message="expected:&lt;[Sign up successful].&gt; but was:&lt;[This user already exist].&gt;" type="org.junit.ComparisonFailure"><![CDATA[org.junit.ComparisonFailure: expected:<[Sign up successful].> but was:<[This user already exist].>
	at org.junit.Assert.assertEquals(Assert.java:117)
	at org.junit.Assert.assertEquals(Assert.java:146)
	at stepdefinitions.SignUpStepDefinitions.seCreaElNuevoUsuarioYSeVisualizaUnMensajeSignUpSuccessful(SignUpStepDefinitions.java:62)
	at ✽.se crea el nuevo usuario y se visualiza un mensaje : Sign up successful.(file:///D:/Sofka/Col/automation_test-colpatria-dev/src/test/resources/features/registro.feature:9)
]]></failure>
    <system-out><![CDATA[
Escenario: Registro usuario                                                         &amp#27;[90m# src/test/resources/features/registro.feature:5&amp#27;[0m
chrome
  &amp#27;[32mDado &amp#27;[0m&amp#27;[32mel usuario se encuentra en la pagina DEMOBLAZE&amp#27;[0m                               &amp#27;[90m# stepdefinitions.SignUpStepDefinitions.elUsuarioSeEncuentraEnLaPaginaDEMOBLAZES()&amp#27;[0m
  &amp#27;[32mCuando &amp#27;[0m&amp#27;[32mseleeciona singUp&amp#27;[0m                                                          &amp#27;[90m# stepdefinitions.SignUpStepDefinitions.seleecionaSingUp()&amp#27;[0m
  &amp#27;[32mY &amp#27;[0m&amp#27;[32mingresa los datos del rormulÃ±ario de registro&amp#27;[0m                                   &amp#27;[90m# stepdefinitions.SignUpStepDefinitions.ingresaLosDatosDelRormulnarioDeRegistro()&amp#27;[0m
  &amp#27;[31mEntonces &amp#27;[0m&amp#27;[31mse crea el nuevo usuario y se visualiza un mensaje : Sign up successful.&amp#27;[0m &amp#27;[90m# stepdefinitions.SignUpStepDefinitions.seCreaElNuevoUsuarioYSeVisualizaUnMensajeSignUpSuccessful()&amp#27;[0m
      &amp#27;[31morg.junit.ComparisonFailure: expected:<[Sign up successful].> but was:<[This user already exist].>
	at org.junit.Assert.assertEquals(Assert.java:117)
	at org.junit.Assert.assertEquals(Assert.java:146)
	at stepdefinitions.SignUpStepDefinitions.seCreaElNuevoUsuarioYSeVisualizaUnMensajeSignUpSuccessful(SignUpStepDefinitions.java:62)
	at âœ½.se crea el nuevo usuario y se visualiza un mensaje : Sign up successful.(file:///D:/Sofka/Col/automation_test-colpatria-dev/src/test/resources/features/registro.feature:9)
&amp#27;[0m
]]></system-out>
    <system-err><![CDATA[SLF4J(W): No SLF4J providers were found.
SLF4J(W): Defaulting to no-operation (NOP) logger implementation
SLF4J(W): See https://www.slf4j.org/codes.html#noProviders for further details.
oct. 01, 2024 12:33:22 P. M. org.openqa.selenium.devtools.CdpVersionFinder findNearestMatch
WARNING: Unable to find CDP implementation matching 129
oct. 01, 2024 12:33:22 P. M. org.openqa.selenium.chromium.ChromiumDriver lambda$new$5
WARNING: Unable to find version of CDP to use for 129.0.6668.60. You may need to include a dependency on a specific version of the CDP using something similar to `org.seleniumhq.selenium:selenium-devtools-v86:4.13.0` where the version ("v86") matches the version of the chromium-based browser you're using and the version number of the artifact is the same as Selenium's.
]]></system-err>
  </testcase>
  <testcase name="Ingreso con el usuario creado" classname="Resgistro usuario" time="1.612">
    <error message="The step &apos;que el usuario selecciona SingIn&apos; is undefined.&#10;You can implement this step using the snippet(s) below:&#10;&#10;@Dado(&quot;que el usuario selecciona SingIn&quot;)&#10;public void que_el_usuario_selecciona_sing_in() {&#10;    // Write code here that turns the phrase above into concrete actions&#10;    throw new io.cucumber.java.PendingException();&#10;}&#10;" type="io.cucumber.junit.UndefinedStepException"><![CDATA[io.cucumber.junit.UndefinedStepException: 
The step 'que el usuario selecciona SingIn' is undefined.
You can implement this step using the snippet(s) below:

@Dado("que el usuario selecciona SingIn")
public void que_el_usuario_selecciona_sing_in() {
    // Write code here that turns the phrase above into concrete actions
    throw new io.cucumber.java.PendingException();
}

]]></error>
    <system-out><![CDATA[
Escenario: Ingreso con el usuario creado                                                                                                                  &amp#27;[90m# src/test/resources/features/registro.feature:11&amp#27;[0m
  &amp#27;[33mDado &amp#27;[0m&amp#27;[33mque el usuario selecciona SingIn&amp#27;[0m
  &amp#27;[36mCuando &amp#27;[0m&amp#27;[36mthe user fills in the input fields in the Log In modal with the data from &amp#27;[0m&amp#27;[36m&amp#27;[1m"src/test/resources/data/input_data.csv"&amp#27;[0m&amp#27;[36m and presses the action button&amp#27;[0m &amp#27;[90m# stepdefinitions.LogInStepDefinitions.the_user_fills_in_the_input_fields_in_the_log_in_modal_with_the_data_from_and_presses_the_action_button(java.lang.String)&amp#27;[0m
  &amp#27;[36mEntonces &amp#27;[0m&amp#27;[36mthe user is logged in to the website and returned to the index page with the Username&amp#27;[0m                                                          &amp#27;[90m# stepdefinitions.LogInStepDefinitions.the_user_is_logged_in_to_the_website_and_returned_to_the_index_page_with_the_username()&amp#27;[0m
]]></system-out>
  </testcase>
</testsuite>